GowinSynthesis start
Running parser ...
Analyzing Verilog file 'C:\Users\darre\Documents\Senior_Design_Project\Our_Code\SquareWavePhaseButton\src\SquareWavePhaseButton.v'
Compiling module 'square_wave_generator_with_and_without_delay'("C:\Users\darre\Documents\Senior_Design_Project\Our_Code\SquareWavePhaseButton\src\SquareWavePhaseButton.v":3)
WARN  (EX3791) : Expression size 5 truncated to fit in target size 4("C:\Users\darre\Documents\Senior_Design_Project\Our_Code\SquareWavePhaseButton\src\SquareWavePhaseButton.v":43)
WARN  (EX3791) : Expression size 11 truncated to fit in target size 10("C:\Users\darre\Documents\Senior_Design_Project\Our_Code\SquareWavePhaseButton\src\SquareWavePhaseButton.v":57)
WARN  (EX3791) : Expression size 11 truncated to fit in target size 10("C:\Users\darre\Documents\Senior_Design_Project\Our_Code\SquareWavePhaseButton\src\SquareWavePhaseButton.v":67)
NOTE  (EX0101) : Current top module is "square_wave_generator_with_and_without_delay"
[5%] Running netlist conversion ...
Running device independent optimization ...
[10%] Optimizing Phase 0 completed
[15%] Optimizing Phase 1 completed
[25%] Optimizing Phase 2 completed
Running inference ...
[30%] Inferring Phase 0 completed
[40%] Inferring Phase 1 completed
[50%] Inferring Phase 2 completed
[55%] Inferring Phase 3 completed
Running technical mapping ...
[60%] Tech-Mapping Phase 0 completed
[65%] Tech-Mapping Phase 1 completed
[75%] Tech-Mapping Phase 2 completed
[80%] Tech-Mapping Phase 3 completed
[90%] Tech-Mapping Phase 4 completed
[95%] Generate netlist file "C:\Users\darre\Documents\Senior_Design_Project\Our_Code\SquareWavePhaseButton\impl\gwsynthesis\SquareWavePhaseButton.vg" completed
[100%] Generate report file "C:\Users\darre\Documents\Senior_Design_Project\Our_Code\SquareWavePhaseButton\impl\gwsynthesis\SquareWavePhaseButton_syn.rpt.html" completed
GowinSynthesis finish
