Reading netlist file: "C:\Users\darre\Documents\ButtonLED\impl\gwsynthesis\ButtonLED.vg"
Parsing netlist file "C:\Users\darre\Documents\ButtonLED\impl\gwsynthesis\ButtonLED.vg" completed
Processing netlist completed
Reading constraint file: "C:\Users\darre\Documents\ButtonLED\src\ButtonLED.cst"
Physical Constraint parsed completed
Running placement......
[10%] Placement Phase 0 completed
[20%] Placement Phase 1 completed
[30%] Placement Phase 2 completed
[50%] Placement Phase 3 completed
Running routing......
[60%] Routing Phase 0 completed
[70%] Routing Phase 1 completed
[80%] Routing Phase 2 completed
[90%] Routing Phase 3 completed
Running timing analysis......
[95%] Timing analysis completed
Placement and routing completed
Bitstream generation in progress......
Bitstream generation completed
Running power analysis......
[100%] Power analysis completed
Generate file "C:\Users\darre\Documents\ButtonLED\impl\pnr\ButtonLED.power.html" completed
Generate file "C:\Users\darre\Documents\ButtonLED\impl\pnr\ButtonLED.pin.html" completed
Generate file "C:\Users\darre\Documents\ButtonLED\impl\pnr\ButtonLED.rpt.html" completed
Generate file "C:\Users\darre\Documents\ButtonLED\impl\pnr\ButtonLED.rpt.txt" completed
Generate file "C:\Users\darre\Documents\ButtonLED\impl\pnr\ButtonLED.tr.html" completed
Thu Feb 08 12:41:49 2024

